# JRE version: OpenJDK Runtime Environment (17.0.6) (build 17.0.6+0-b2043.56-9586694)
# Java VM: OpenJDK 64-Bit Server VM (17.0.6+0-b2043.56-9586694, mixed mode, tiered, compressed oops, compressed class ptrs, g1 gc, windows-amd64)
GC Precious Log:
 CPUs: 8 total, 8 available
 Memory: 7973M
 Large Page Support: Disabled
 NUMA Support: Disabled
 Compressed Oops: Enabled (32-bit)
 Heap Region Size: 1M
 Heap Min Capacity: 8M
 Heap Initial Capacity: 126M
 Heap Max Capacity: 2G
 Pre-touch: Disabled
 Parallel Workers: 8
 Concurrent Workers: 2
 Concurrent Refinement Workers: 8
 Periodic GC: Disabled
Heap:
 garbage-first heap   total 86016K, used 58500K [0x0000000080000000, 0x0000000100000000)
  region size 1024K, 13 young (13312K), 1 survivors (1024K)
 Metaspace       used 58881K, committed 59392K, reserved 1105920K
  class space    used 7723K, committed 7936K, reserved 1048576K
GC Heap History (20 events):
Event: 5.871 GC heap before
{Heap before GC invocations=6 (full 0):
 garbage-first heap   total 68608K, used 48816K [0x0000000080000000, 0x0000000100000000)
  region size 1024K, 30 young (30720K), 4 survivors (4096K)
 Metaspace       used 34700K, committed 35072K, reserved 1081344K
  class space    used 4804K, committed 4992K, reserved 1048576K
}
Event: 5.878 GC heap after
{Heap after GC invocations=7 (full 0):
 garbage-first heap   total 68608K, used 23767K [0x0000000080000000, 0x0000000100000000)
  region size 1024K, 4 young (4096K), 4 survivors (4096K)
 Metaspace       used 34700K, committed 35072K, reserved 1081344K
  class space    used 4804K, committed 4992K, reserved 1048576K
}
Event: 6.026 GC heap before
{Heap before GC invocations=7 (full 0):
 garbage-first heap   total 68608K, used 26839K [0x0000000080000000, 0x0000000100000000)
  region size 1024K, 8 young (8192K), 4 survivors (4096K)
 Metaspace       used 35631K, committed 35968K, reserved 1081344K
  class space    used 4871K, committed 5056K, reserved 1048576K
}
Event: 6.032 GC heap after
{Heap after GC invocations=8 (full 0):
 garbage-first heap   total 68608K, used 24511K [0x0000000080000000, 0x0000000100000000)
  region size 1024K, 3 young (3072K), 3 survivors (3072K)
 Metaspace       used 35631K, committed 35968K, reserved 1081344K
  class space    used 4871K, committed 5056K, reserved 1048576K
}
Event: 6.701 GC heap before
{Heap before GC invocations=9 (full 0):
 garbage-first heap   total 68608K, used 48063K [0x0000000080000000, 0x0000000100000000)
  region size 1024K, 27 young (27648K), 3 survivors (3072K)
 Metaspace       used 40369K, committed 40704K, reserved 1089536K
  class space    used 5350K, committed 5504K, reserved 1048576K
}
Event: 6.707 GC heap after
{Heap after GC invocations=10 (full 0):
 garbage-first heap   total 82944K, used 28615K [0x0000000080000000, 0x0000000100000000)
  region size 1024K, 4 young (4096K), 4 survivors (4096K)
 Metaspace       used 40369K, committed 40704K, reserved 1089536K
  class space    used 5350K, committed 5504K, reserved 1048576K
}
Event: 7.403 GC heap before
{Heap before GC invocations=10 (full 0):
 garbage-first heap   total 82944K, used 63431K [0x0000000080000000, 0x0000000100000000)
  region size 1024K, 35 young (35840K), 4 survivors (4096K)
 Metaspace       used 42799K, committed 43136K, reserved 1089536K
  class space    used 5609K, committed 5760K, reserved 1048576K
}
Event: 7.411 GC heap after
{Heap after GC invocations=11 (full 0):
 garbage-first heap   total 82944K, used 31234K [0x0000000080000000, 0x0000000100000000)
  region size 1024K, 4 young (4096K), 4 survivors (4096K)
 Metaspace       used 42799K, committed 43136K, reserved 1089536K
  class space    used 5609K, committed 5760K, reserved 1048576K
}
Event: 8.210 GC heap before
{Heap before GC invocations=11 (full 0):
 garbage-first heap   total 82944K, used 60930K [0x0000000080000000, 0x0000000100000000)
  region size 1024K, 33 young (33792K), 4 survivors (4096K)
 Metaspace       used 47087K, committed 47488K, reserved 1097728K
  class space    used 6164K, committed 6336K, reserved 1048576K
}
Event: 8.216 GC heap after
{Heap after GC invocations=12 (full 0):
 garbage-first heap   total 82944K, used 33891K [0x0000000080000000, 0x0000000100000000)
  region size 1024K, 3 young (3072K), 3 survivors (3072K)
 Metaspace       used 47087K, committed 47488K, reserved 1097728K
  class space    used 6164K, committed 6336K, reserved 1048576K
}
Event: 8.738 GC heap before
{Heap before GC invocations=12 (full 0):
 garbage-first heap   total 82944K, used 62563K [0x0000000080000000, 0x0000000100000000)
  region size 1024K, 31 young (31744K), 3 survivors (3072K)
 Metaspace       used 50521K, committed 51008K, reserved 1097728K
  class space    used 6705K, committed 6912K, reserved 1048576K
}
Event: 8.743 GC heap after
{Heap after GC invocations=13 (full 0):
 garbage-first heap   total 82944K, used 35173K [0x0000000080000000, 0x0000000100000000)
  region size 1024K, 2 young (2048K), 2 survivors (2048K)
 Metaspace       used 50521K, committed 51008K, reserved 1097728K
  class space    used 6705K, committed 6912K, reserved 1048576K
}
Event: 9.411 GC heap before
{Heap before GC invocations=13 (full 0):
 garbage-first heap   total 82944K, used 62821K [0x0000000080000000, 0x0000000100000000)
  region size 1024K, 30 young (30720K), 2 survivors (2048K)
 Metaspace       used 51635K, committed 52032K, reserved 1097728K
  class space    used 6816K, committed 6976K, reserved 1048576K
}
Event: 9.419 GC heap after
{Heap after GC invocations=14 (full 0):
 garbage-first heap   total 82944K, used 37673K [0x0000000080000000, 0x0000000100000000)
  region size 1024K, 4 young (4096K), 4 survivors (4096K)
 Metaspace       used 51635K, committed 52032K, reserved 1097728K
  class space    used 6816K, committed 6976K, reserved 1048576K
}
Event: 9.655 GC heap before
{Heap before GC invocations=14 (full 0):
 garbage-first heap   total 82944K, used 46889K [0x0000000080000000, 0x0000000100000000)
  region size 1024K, 13 young (13312K), 4 survivors (4096K)
 Metaspace       used 51922K, committed 52352K, reserved 1097728K
  class space    used 6853K, committed 7040K, reserved 1048576K
}
Event: 9.660 GC heap after
{Heap after GC invocations=15 (full 0):
 garbage-first heap   total 82944K, used 45103K [0x0000000080000000, 0x0000000100000000)
  region size 1024K, 4 young (4096K), 4 survivors (4096K)
 Metaspace       used 51922K, committed 52352K, reserved 1097728K
  class space    used 6853K, committed 7040K, reserved 1048576K
}
Event: 10.086 GC heap before
{Heap before GC invocations=16 (full 0):
 garbage-first heap   total 82944K, used 63535K [0x0000000080000000, 0x0000000100000000)
  region size 1024K, 21 young (21504K), 4 survivors (4096K)
 Metaspace       used 54017K, committed 54464K, reserved 1097728K
  class space    used 7149K, committed 7360K, reserved 1048576K
}
Event: 10.089 GC heap after
{Heap after GC invocations=17 (full 0):
 garbage-first heap   total 82944K, used 46606K [0x0000000080000000, 0x0000000100000000)
  region size 1024K, 2 young (2048K), 2 survivors (2048K)
 Metaspace       used 54017K, committed 54464K, reserved 1097728K
  class space    used 7149K, committed 7360K, reserved 1048576K
}
Event: 10.453 GC heap before
{Heap before GC invocations=17 (full 0):
 garbage-first heap   total 82944K, used 62990K [0x0000000080000000, 0x0000000100000000)
  region size 1024K, 18 young (18432K), 2 survivors (2048K)
 Metaspace       used 56760K, committed 57216K, reserved 1105920K
  class space    used 7492K, committed 7680K, reserved 1048576K
}
Event: 10.455 GC heap after
{Heap after GC invocations=18 (full 0):
 garbage-first heap   total 82944K, used 47236K [0x0000000080000000, 0x0000000100000000)
  region size 1024K, 1 young (1024K), 1 survivors (1024K)
 Metaspace       used 56760K, committed 57216K, reserved 1105920K
  class space    used 7492K, committed 7680K, reserved 1048576K
}

